<?xml version="1.0" encoding="UTF-8"?><testsuite errors="1" failures="0" name="Prueba CRUD" skipped="0" tests="1" time="9.27" timestamp="2022-05-28 10:58:57"><testcase name="Ingresando"><error message="no such window: target window already closed&#10;from unknown error: web view not found&#10;  (Session info: chrome=102.0.5005.62)&#10;Build info: version: '3.141.59', revision: 'e82be7d358', time: '2018-11-14T08:17:03'&#10;System info: host: 'DESKTOP-E6M9FKI', ip: '192.168.20.22', os.name: 'Windows 10', os.arch: 'amd64', os.version: '10.0', java.version: '11.0.15'&#10;Driver info: org.openqa.selenium.chrome.ChromeDriver&#10;Capabilities {acceptInsecureCerts: false, browserName: chrome, browserVersion: 102.0.5005.62, chrome: {chromedriverVersion: 102.0.5005.61 (0e59bcc00cc4..., userDataDir: C:\Users\Aldo\AppData\Local...}, goog:chromeOptions: {debuggerAddress: localhost:63185}, javascriptEnabled: true, networkConnectionEnabled: false, pageLoadStrategy: normal, platform: WINDOWS, platformName: WINDOWS, proxy: Proxy(), setWindowRect: true, strictFileInteractability: false, timeouts: {implicit: 0, pageLoad: 300000, script: 30000}, unhandledPromptBehavior: dismiss and notify, webauthn:extension:credBlob: true, webauthn:extension:largeBlob: true, webauthn:virtualAuthenticators: true}&#10;Session ID: 66ff20111dda36397cea77955ba92a29" type="org.openqa.selenium.NoSuchWindowException">no such window: target window already closed
from unknown error: web view not found
  (Session info: chrome=102.0.5005.62)
Build info: version: '3.141.59', revision: 'e82be7d358', time: '2018-11-14T08:17:03'
System info: host: 'DESKTOP-E6M9FKI', ip: '192.168.20.22', os.name: 'Windows 10', os.arch: 'amd64', os.version: '10.0', java.version: '11.0.15'
Driver info: org.openqa.selenium.chrome.ChromeDriver
Capabilities {acceptInsecureCerts: false, browserName: chrome, browserVersion: 102.0.5005.62, chrome: {chromedriverVersion: 102.0.5005.61 (0e59bcc00cc4..., userDataDir: C:\Users\Aldo\AppData\Local...}, goog:chromeOptions: {debuggerAddress: localhost:63185}, javascriptEnabled: true, networkConnectionEnabled: false, pageLoadStrategy: normal, platform: WINDOWS, platformName: WINDOWS, proxy: Proxy(), setWindowRect: true, strictFileInteractability: false, timeouts: {implicit: 0, pageLoad: 300000, script: 30000}, unhandledPromptBehavior: dismiss and notify, webauthn:extension:credBlob: true, webauthn:extension:largeBlob: true, webauthn:virtualAuthenticators: true}
Session ID: 66ff20111dda36397cea77955ba92a29</error><system-err>no such window: target window already closed
from unknown error: web view not found
  (Session info: chrome=102.0.5005.62)
Build info: version: '3.141.59', revision: 'e82be7d358', time: '2018-11-14T08:17:03'
System info: host: 'DESKTOP-E6M9FKI', ip: '192.168.20.22', os.name: 'Windows 10', os.arch: 'amd64', os.version: '10.0', java.version: '11.0.15'
Driver info: org.openqa.selenium.chrome.ChromeDriver
Capabilities {acceptInsecureCerts: false, browserName: chrome, browserVersion: 102.0.5005.62, chrome: {chromedriverVersion: 102.0.5005.61 (0e59bcc00cc4..., userDataDir: C:\Users\Aldo\AppData\Local...}, goog:chromeOptions: {debuggerAddress: localhost:63185}, javascriptEnabled: true, networkConnectionEnabled: false, pageLoadStrategy: normal, platform: WINDOWS, platformName: WINDOWS, proxy: Proxy(), setWindowRect: true, strictFileInteractability: false, timeouts: {implicit: 0, pageLoad: 300000, script: 30000}, unhandledPromptBehavior: dismiss and notify, webauthn:extension:credBlob: true, webauthn:extension:largeBlob: true, webauthn:virtualAuthenticators: true}
Session ID: 66ff20111dda36397cea77955ba92a29&#13;
task.Crear.performAs(Llenar.java:22)&#13;
certificacion.stepdefinitions.CorriendoPrueba.yAnotarUnNombre(CorriendoPrueba.java:32)&#13;
cucumber.runner.Runner.runPickle(Runner.java:80)&#13;
worker.org.gradle.process.internal.worker.GradleWorkerMain.run(GradleWorkerMain.java:69)&#13;
worker.org.gradle.process.internal.worker.GradleWorkerMain.main(GradleWorkerMain.java:74)&#13;
</system-err></testcase></testsuite>